<?xml version="1.0" encoding="UTF-8"?>
<testng-results ignored="0" total="1" passed="1" failed="0" skipped="0">
  <reporter-output>
  </reporter-output>
  <suite started-at="2024-12-27T14:01:47 IST" name="Suite" finished-at="2024-12-27T14:02:01 IST" duration-ms="13534">
    <groups>
    </groups>
    <test started-at="2024-12-27T14:01:47 IST" name="Test" finished-at="2024-12-27T14:02:01 IST" duration-ms="13534">
      <class name="Com.Test.Test_TC003">
        <test-method is-config="true" signature="SetData()[pri:0, instance:Com.Test.Test_TC003@3e08ff24]" started-at="2024-12-27T14:01:47 IST" name="SetData" finished-at="2024-12-27T14:01:47 IST" duration-ms="619" status="PASS">
          <reporter-output>
          </reporter-output>
        </test-method> <!-- SetData -->
        <test-method is-config="true" signature="Setup()[pri:0, instance:Com.Test.Test_TC003@3e08ff24]" started-at="2024-12-27T14:01:47 IST" name="Setup" finished-at="2024-12-27T14:01:51 IST" duration-ms="3681" status="PASS">
          <reporter-output>
          </reporter-output>
        </test-method> <!-- Setup -->
        <test-method signature="VerifySignIn()[pri:0, instance:Com.Test.Test_TC003@3e08ff24]" started-at="2024-12-27T14:01:51 IST" name="VerifySignIn" finished-at="2024-12-27T14:01:53 IST" duration-ms="2511" status="PASS">
          <reporter-output>
          </reporter-output>
        </test-method> <!-- VerifySignIn -->
        <test-method is-config="true" signature="TearDown()[pri:0, instance:Com.Test.Test_TC003@3e08ff24]" started-at="2024-12-27T14:01:54 IST" name="TearDown" finished-at="2024-12-27T14:02:01 IST" duration-ms="7175" status="PASS">
          <reporter-output>
          </reporter-output>
        </test-method> <!-- TearDown -->
      </class> <!-- Com.Test.Test_TC003 -->
    </test> <!-- Test -->
  </suite> <!-- Suite -->
</testng-results>
